2025-04-12 14:38:34,240 [INFO] Sent days, and hourly table to Database!
2025-04-12 14:39:00,538 [INFO] Getting current day data!
2025-04-12 14:39:00,538 [INFO] DATABASE's Check ID Query Sent!
2025-04-12 14:39:00,544 [INFO] Sent hourly data to Database!
2025-04-12 14:40:00,552 [INFO] Getting current day data!
2025-04-12 14:40:00,553 [INFO] DATABASE's Check ID Query Sent!
2025-04-12 14:40:00,556 [INFO] Sent hourly data to Database!
2025-04-12 14:40:02,743 [INFO] Closing connections to database!
2025-04-12 14:49:57,040 [INFO] Getting current day data!
2025-04-12 14:49:57,040 [INFO] DATABASE's Check ID Query Sent!
2025-04-12 14:49:57,042 [INFO] 6 exists, adding for next week
2025-04-12 14:49:57,044 [INFO] DATABASE's Check ID Query Sent!
2025-04-12 14:49:57,045 [INFO] 13 also exist in database, deleting and swapping
2025-04-12 14:49:57,045 [INFO] Getting current day data!
2025-04-12 14:49:57,049 [INFO] Closing connections to database!
2025-04-12 14:53:34,562 [INFO] Sent days, and hourly table to Database!
2025-04-12 14:53:38,417 [INFO] Closing connections to database!
2025-04-12 14:53:43,021 [INFO] Sent days, and hourly table to Database!
2025-04-12 14:54:00,536 [INFO] Getting current day data!
2025-04-12 14:54:00,536 [INFO] DATABASE's Check ID Query Sent!
2025-04-12 14:54:00,541 [INFO] Sent hourly data to Database!
2025-04-12 14:54:07,818 [INFO] Closing connections to database!
2025-04-12 16:27:18,502 [INFO] Getting current day data!
2025-04-12 16:27:18,502 [INFO] DATABASE's Check ID Query Sent!
2025-04-12 16:27:18,506 [INFO] 6 doesnt exist, adding to table
2025-04-12 16:27:18,507 [INFO] DATABASE's Check ID Query Sent!
2025-04-12 16:27:18,510 [INFO] Updating previous days status
2025-04-12 16:27:18,515 [INFO] Sending new day to Database!
2025-04-12 16:27:18,528 [INFO] Closing connections to database!
2025-04-12 16:28:40,695 [INFO] Getting current day data!
2025-04-12 16:28:40,695 [INFO] DATABASE's Check ID Query Sent!
2025-04-12 16:28:40,699 [INFO] 6 exists, adding for next week
2025-04-12 16:28:40,700 [INFO] DATABASE's Check ID Query Sent!
2025-04-12 16:28:40,703 [INFO] Updating previous days status
2025-04-12 16:28:40,706 [INFO] Sending new day to Database!
2025-04-12 16:29:50,027 [INFO] Getting current day data!
2025-04-12 16:29:50,028 [INFO] DATABASE's Check ID Query Sent!
2025-04-12 16:29:50,032 [INFO] 6 exists, adding for next week
2025-04-12 16:29:50,032 [INFO] DATABASE's Check ID Query Sent!
2025-04-12 16:29:50,036 [INFO] 13 also exist in database, deleting and swapping
2025-04-12 16:29:50,519 [INFO] Getting current day data!
2025-04-12 16:29:50,519 [INFO] DATABASE's Check ID Query Sent!
2025-04-12 16:29:50,523 [INFO] Sent hourly data to Database!
2025-04-12 16:29:50,540 [INFO] Closing connections to database!
2025-04-12 16:39:52,987 [INFO] Getting current day data!
2025-04-12 16:39:52,988 [INFO] DATABASE's Check ID Query Sent!
2025-04-12 16:39:52,992 [INFO] 6 exists, adding for next week
2025-04-12 16:39:52,992 [INFO] DATABASE's Check ID Query Sent!
2025-04-12 16:39:52,996 [INFO] 13 also exist in database, deleting and swapping
2025-04-12 16:39:53,004 [INFO] Closing connections to database!
2025-04-12 16:40:32,303 [INFO] Getting current day data!
2025-04-12 16:40:32,304 [INFO] DATABASE's Check ID Query Sent!
2025-04-12 16:40:32,308 [INFO] 6 exists, adding for next week
2025-04-12 16:40:32,308 [INFO] DATABASE's Check ID Query Sent!
2025-04-12 16:40:32,311 [INFO] Updating previous days status
2025-04-12 16:40:32,315 [INFO] Sending new day to Database!
2025-04-12 16:40:32,326 [INFO] Closing connections to database!
2025-04-12 16:40:44,867 [INFO] Getting current day data!
2025-04-12 16:40:44,868 [INFO] DATABASE's Check ID Query Sent!
2025-04-12 16:40:44,872 [INFO] 6 exists, adding for next week
2025-04-12 16:40:44,872 [INFO] DATABASE's Check ID Query Sent!
2025-04-12 16:40:44,876 [INFO] 13 also exist in database, deleting and swapping
2025-04-12 16:40:44,884 [INFO] Closing connections to database!
2025-04-12 16:48:05,841 [INFO] Getting current day data!
2025-04-12 16:48:05,842 [INFO] DATABASE's Check ID Query Sent!
2025-04-12 16:48:05,847 [INFO] Sent hourly data to Database!
2025-04-12 16:48:05,863 [INFO] Closing connections to database!
2025-04-12 16:53:39,712 [INFO] Closing connections to database!
2025-04-12 16:54:32,595 [INFO] Closing connections to database!
2025-04-12 16:55:10,339 [INFO] Closing connections to database!
2025-04-12 16:57:34,578 [INFO] Closing connections to database!
2025-04-12 16:57:51,468 [INFO] Closing connections to database!
2025-04-12 16:58:11,157 [INFO] Closing connections to database!
2025-04-12 16:59:05,536 [INFO] Closing connections to database!
2025-04-12 16:59:34,269 [INFO] Closing connections to database!
2025-04-12 16:59:58,393 [INFO] Closing connections to database!
2025-04-12 17:02:47,382 [INFO] Closing connections to database!
2025-04-12 17:04:13,047 [INFO] Closing connections to database!
2025-04-12 17:17:19,509 [INFO] Closing connections to database!
2025-04-12 17:38:32,152 [INFO] Closing connections to database!
2025-04-12 17:39:48,429 [INFO] Closing connections to database!
2025-04-12 17:40:30,730 [INFO] Closing connections to database!
2025-04-12 17:53:55,210 [INFO] Closing connections to database!
2025-04-12 17:55:06,974 [INFO] Closing connections to database!
2025-04-12 17:56:13,897 [INFO] Closing connections to database!
2025-04-12 17:58:07,749 [INFO] Closing connections to database!
2025-04-12 18:04:46,554 [INFO] Closing connections to database!
2025-04-12 18:08:56,175 [INFO] Closing connections to database!
